---------- Date: 2017-12-03 19:06:39 ~ IP : 127.0.0.1 ----------
REQUEST URI : /vily/index.php?route=product/product&amp;path=132&amp;product_id=180
MOD DETAILS:
   modFile   : C:\OSPanel\domains\localhost\vily\vqmod/xml/vqmod_show_products_all.xml
   id        : Show_products_all route
   version   : 1
   vqmver    : 2.2.2
   author    : AlexWaha

File Name    : catalog/view/theme/*/template/common/header.tpl(0)
VQModObject::applyMod - SEARCH NOT FOUND (ABORTING MOD): <div class="links">

MOD DETAILS:
   modFile   : C:\OSPanel\domains\localhost\vily\vqmod/xml/similar_products.xml
   id        : Similar products
   version   : 1.1
   vqmver    : 2.1.5
   author    : made by zubovd

File Name    : catalog/view/theme/*/template/product/product.tpl(0)
VQModObject::applyMod - SEARCH NOT FOUND (ABORTING MOD): <?php if ($review_status) { ?>

----------------------------------------------------------------------


---------- Date: 2017-12-03 19:10:10 ~ IP : 127.0.0.1 ----------
REQUEST URI : /vily/index.php?route=product/product&amp;path=132&amp;product_id=180
MOD DETAILS:
   modFile   : C:\OSPanel\domains\localhost\vily\vqmod/xml/vqmod_show_products_all.xml
   id        : Show_products_all route
   version   : 1
   vqmver    : 2.2.2
   author    : AlexWaha

File Name    : catalog/view/theme/*/template/common/header.tpl(0)
VQModObject::applyMod - SEARCH NOT FOUND (ABORTING MOD): <div class="links">

----------------------------------------------------------------------


---------- Date: 2017-12-03 19:15:36 ~ IP : 127.0.0.1 ----------
REQUEST URI : /vily/index.php?route=product/category&amp;path=132
MOD DETAILS:
   modFile   : C:\OSPanel\domains\localhost\vily\vqmod/xml/vqmod_show_products_all.xml
   id        : Show_products_all route
   version   : 1
   vqmver    : 2.2.2
   author    : AlexWaha

File Name    : catalog/view/theme/*/template/common/header.tpl(0)
VQModObject::applyMod - SEARCH NOT FOUND (ABORTING MOD): <div class="links">

----------------------------------------------------------------------


---------- Date: 2017-12-03 19:15:38 ~ IP : 127.0.0.1 ----------
REQUEST URI : /vily/index.php?route=product/product&amp;path=132&amp;product_id=180
MOD DETAILS:
   modFile   : C:\OSPanel\domains\localhost\vily\vqmod/xml/similar_products.xml
   id        : Similar products
   version   : 1.1
   vqmver    : 2.1.5
   author    : made by zubovd

File Name    : catalog/view/theme/forklift/template/product/product.tpl(0)
VQModObject::applyMod - SEARCH NOT FOUND (ABORTING MOD): <?php if ($review_status) { ?>

----------------------------------------------------------------------


